Determining if the pthread_create exist failed with the following output:
Change Dir: /home/mingcongchen/project/inspur/camera/build/CMakeFiles/CMakeTmp

Run Build Command:"/usr/bin/make" "cmTC_a6c69/fast"
/usr/bin/make -f CMakeFiles/cmTC_a6c69.dir/build.make CMakeFiles/cmTC_a6c69.dir/build
make[1]: Entering directory '/home/mingcongchen/project/inspur/camera/build/CMakeFiles/CMakeTmp'
Building C object CMakeFiles/cmTC_a6c69.dir/CheckSymbolExists.c.o
/usr/bin/cc    -fPIC    -o CMakeFiles/cmTC_a6c69.dir/CheckSymbolExists.c.o   -c /home/mingcongchen/project/inspur/camera/build/CMakeFiles/CMakeTmp/CheckSymbolExists.c
Linking C executable cmTC_a6c69
/usr/bin/cmake -E cmake_link_script CMakeFiles/cmTC_a6c69.dir/link.txt --verbose=1
/usr/bin/cc  -fPIC     CMakeFiles/cmTC_a6c69.dir/CheckSymbolExists.c.o  -o cmTC_a6c69 -rdynamic 
CMakeFiles/cmTC_a6c69.dir/CheckSymbolExists.c.o：在函数‘main’中：
CheckSymbolExists.c:(.text+0x1b)：对‘pthread_create’未定义的引用
collect2: error: ld returned 1 exit status
CMakeFiles/cmTC_a6c69.dir/build.make:97: recipe for target 'cmTC_a6c69' failed
make[1]: *** [cmTC_a6c69] Error 1
make[1]: Leaving directory '/home/mingcongchen/project/inspur/camera/build/CMakeFiles/CMakeTmp'
Makefile:126: recipe for target 'cmTC_a6c69/fast' failed
make: *** [cmTC_a6c69/fast] Error 2

File /home/mingcongchen/project/inspur/camera/build/CMakeFiles/CMakeTmp/CheckSymbolExists.c:
/* */
#include <pthread.h>

int main(int argc, char** argv)
{
  (void)argv;
#ifndef pthread_create
  return ((int*)(&pthread_create))[argc];
#else
  (void)argc;
  return 0;
#endif
}

Determining if the function pthread_create exists in the pthreads failed with the following output:
Change Dir: /home/mingcongchen/project/inspur/camera/build/CMakeFiles/CMakeTmp

Run Build Command:"/usr/bin/make" "cmTC_3f50f/fast"
/usr/bin/make -f CMakeFiles/cmTC_3f50f.dir/build.make CMakeFiles/cmTC_3f50f.dir/build
make[1]: Entering directory '/home/mingcongchen/project/inspur/camera/build/CMakeFiles/CMakeTmp'
Building C object CMakeFiles/cmTC_3f50f.dir/CheckFunctionExists.c.o
/usr/bin/cc    -fPIC -DCHECK_FUNCTION_EXISTS=pthread_create   -o CMakeFiles/cmTC_3f50f.dir/CheckFunctionExists.c.o   -c /usr/share/cmake-3.5/Modules/CheckFunctionExists.c
Linking C executable cmTC_3f50f
/usr/bin/cmake -E cmake_link_script CMakeFiles/cmTC_3f50f.dir/link.txt --verbose=1
/usr/bin/cc  -fPIC -DCHECK_FUNCTION_EXISTS=pthread_create    CMakeFiles/cmTC_3f50f.dir/CheckFunctionExists.c.o  -o cmTC_3f50f -rdynamic -lpthreads 
/usr/bin/ld: 找不到 -lpthreads
collect2: error: ld returned 1 exit status
CMakeFiles/cmTC_3f50f.dir/build.make:97: recipe for target 'cmTC_3f50f' failed
make[1]: *** [cmTC_3f50f] Error 1
make[1]: Leaving directory '/home/mingcongchen/project/inspur/camera/build/CMakeFiles/CMakeTmp'
Makefile:126: recipe for target 'cmTC_3f50f/fast' failed
make: *** [cmTC_3f50f/fast] Error 2


Determining if the pthread_create exist failed with the following output:
Change Dir: /home/mingcongchen/project/inspur/dji_driver/build/CMakeFiles/CMakeTmp

Run Build Command:"/usr/bin/make" "cmTC_f5077/fast"
/usr/bin/make -f CMakeFiles/cmTC_f5077.dir/build.make CMakeFiles/cmTC_f5077.dir/build
make[1]: Entering directory '/home/mingcongchen/project/inspur/dji_driver/build/CMakeFiles/CMakeTmp'
Building C object CMakeFiles/cmTC_f5077.dir/CheckSymbolExists.c.o
/usr/bin/cc    -fPIC    -o CMakeFiles/cmTC_f5077.dir/CheckSymbolExists.c.o   -c /home/mingcongchen/project/inspur/dji_driver/build/CMakeFiles/CMakeTmp/CheckSymbolExists.c
Linking C executable cmTC_f5077
/usr/bin/cmake -E cmake_link_script CMakeFiles/cmTC_f5077.dir/link.txt --verbose=1
/usr/bin/cc  -fPIC     CMakeFiles/cmTC_f5077.dir/CheckSymbolExists.c.o  -o cmTC_f5077 -rdynamic 
CMakeFiles/cmTC_f5077.dir/CheckSymbolExists.c.o：在函数‘main’中：
CheckSymbolExists.c:(.text+0x1b)：对‘pthread_create’未定义的引用
collect2: error: ld returned 1 exit status
CMakeFiles/cmTC_f5077.dir/build.make:97: recipe for target 'cmTC_f5077' failed
make[1]: *** [cmTC_f5077] Error 1
make[1]: Leaving directory '/home/mingcongchen/project/inspur/dji_driver/build/CMakeFiles/CMakeTmp'
Makefile:126: recipe for target 'cmTC_f5077/fast' failed
make: *** [cmTC_f5077/fast] Error 2

File /home/mingcongchen/project/inspur/dji_driver/build/CMakeFiles/CMakeTmp/CheckSymbolExists.c:
/* */
#include <pthread.h>

int main(int argc, char** argv)
{
  (void)argv;
#ifndef pthread_create
  return ((int*)(&pthread_create))[argc];
#else
  (void)argc;
  return 0;
#endif
}

Determining if the function pthread_create exists in the pthreads failed with the following output:
Change Dir: /home/mingcongchen/project/inspur/dji_driver/build/CMakeFiles/CMakeTmp

Run Build Command:"/usr/bin/make" "cmTC_da0d8/fast"
/usr/bin/make -f CMakeFiles/cmTC_da0d8.dir/build.make CMakeFiles/cmTC_da0d8.dir/build
make[1]: Entering directory '/home/mingcongchen/project/inspur/dji_driver/build/CMakeFiles/CMakeTmp'
Building C object CMakeFiles/cmTC_da0d8.dir/CheckFunctionExists.c.o
/usr/bin/cc    -fPIC -DCHECK_FUNCTION_EXISTS=pthread_create   -o CMakeFiles/cmTC_da0d8.dir/CheckFunctionExists.c.o   -c /usr/share/cmake-3.5/Modules/CheckFunctionExists.c
Linking C executable cmTC_da0d8
/usr/bin/cmake -E cmake_link_script CMakeFiles/cmTC_da0d8.dir/link.txt --verbose=1
/usr/bin/cc  -fPIC -DCHECK_FUNCTION_EXISTS=pthread_create    CMakeFiles/cmTC_da0d8.dir/CheckFunctionExists.c.o  -o cmTC_da0d8 -rdynamic -lpthreads 
/usr/bin/ld: 找不到 -lpthreads
collect2: error: ld returned 1 exit status
CMakeFiles/cmTC_da0d8.dir/build.make:97: recipe for target 'cmTC_da0d8' failed
make[1]: *** [cmTC_da0d8] Error 1
make[1]: Leaving directory '/home/mingcongchen/project/inspur/dji_driver/build/CMakeFiles/CMakeTmp'
Makefile:126: recipe for target 'cmTC_da0d8/fast' failed
make: *** [cmTC_da0d8/fast] Error 2


